[debug] [2022-04-26T00:04:34.755Z] ----------------------------------------------------------------------
[debug] [2022-04-26T00:04:34.757Z] Command:       C:\Program Files\nodejs\node.exe C:\Users\alv\AppData\Roaming\npm\node_modules\firebase-tools\lib\bin\firebase.js init
[debug] [2022-04-26T00:04:34.758Z] CLI Version:   10.7.1
[debug] [2022-04-26T00:04:34.758Z] Platform:      win32
[debug] [2022-04-26T00:04:34.758Z] Node Version:  v16.14.2
[debug] [2022-04-26T00:04:34.758Z] Time:          Mon Apr 25 2022 19:04:34 GMT-0500 (hora estándar de Colombia)
[debug] [2022-04-26T00:04:34.759Z] ----------------------------------------------------------------------
[debug] 
[debug] [2022-04-26T00:04:34.761Z] >>> [apiv2][query] GET https://firebase-public.firebaseio.com/cli.json [none]
[debug] [2022-04-26T00:04:34.780Z] > command requires scopes: ["email","openid","https://www.googleapis.com/auth/cloudplatformprojects.readonly","https://www.googleapis.com/auth/firebase","https://www.googleapis.com/auth/cloud-platform"]
[debug] [2022-04-26T00:04:34.781Z] > authorizing via signed-in user (alvaroxd689@gmail.com)
[info] 
     ######## #### ########  ######## ########     ###     ######  ########
     ##        ##  ##     ## ##       ##     ##  ##   ##  ##       ##
     ######    ##  ########  ######   ########  #########  ######  ######
     ##        ##  ##    ##  ##       ##     ## ##     ##       ## ##
     ##       #### ##     ## ######## ########  ##     ##  ######  ########

You're about to initialize a Firebase project in this directory:

  D:\proyectWebStorm\registro-inventario

[debug] [2022-04-26T00:04:35.234Z] <<< [apiv2][status] GET https://firebase-public.firebaseio.com/cli.json 200
[debug] [2022-04-26T00:04:35.235Z] <<< [apiv2][body] GET https://firebase-public.firebaseio.com/cli.json {"cloudBuildErrorAfter":1594252800000,"cloudBuildWarnAfter":1590019200000,"defaultNode10After":1594252800000,"minVersion":"3.0.5","node8DeploysDisabledAfter":1613390400000,"node8RuntimeDisabledAfter":1615809600000,"node8WarnAfter":1600128000000}
[info] 
=== Project Setup
[info] 
[info] First, let's associate this project directory with a Firebase project.
[info] You can create multiple project aliases by running firebase use --add, 
[info] but for now we'll just set up a default project.
[info] 
[debug] [2022-04-26T00:06:17.249Z] > refreshing access token with scopes: []
[debug] [2022-04-26T00:06:17.250Z] >>> HTTP REQUEST POST https://www.googleapis.com/oauth2/v3/token  
 <request body omitted>
[debug] [2022-04-26T00:06:17.574Z] <<< HTTP RESPONSE 200 {"date":"Tue, 26 Apr 2022 00:06:14 GMT","expires":"Mon, 01 Jan 1990 00:00:00 GMT","cache-control":"no-cache, no-store, max-age=0, must-revalidate","pragma":"no-cache","content-type":"application/json; charset=utf-8","vary":"X-Origin, Referer, Origin,Accept-Encoding","server":"scaffolding on HTTPServer2","x-xss-protection":"0","x-frame-options":"SAMEORIGIN","x-content-type-options":"nosniff","alt-svc":"h3=\":443\"; ma=2592000,h3-29=\":443\"; ma=2592000,h3-Q050=\":443\"; ma=2592000,h3-Q046=\":443\"; ma=2592000,h3-Q043=\":443\"; ma=2592000,quic=\":443\"; ma=2592000; v=\"46,43\"","accept-ranges":"none","transfer-encoding":"chunked"}
[debug] [2022-04-26T00:06:17.582Z] >>> [apiv2][query] GET https://firebase.googleapis.com/v1beta1/projects pageSize=100
[debug] [2022-04-26T00:06:18.152Z] <<< [apiv2][status] GET https://firebase.googleapis.com/v1beta1/projects 200
[debug] [2022-04-26T00:06:18.152Z] <<< [apiv2][body] GET https://firebase.googleapis.com/v1beta1/projects [omitted]
[info] i  Using project angulardemo-48db8 (angulardemo) 
[info] 
=== Firestore Setup
[debug] [2022-04-26T00:06:25.582Z] >>> [apiv2][query] GET https://serviceusage.googleapis.com/v1/projects/angulardemo-48db8/services/firestore.googleapis.com [none]
[debug] [2022-04-26T00:06:26.408Z] <<< [apiv2][status] GET https://serviceusage.googleapis.com/v1/projects/angulardemo-48db8/services/firestore.googleapis.com 200
[debug] [2022-04-26T00:06:26.408Z] <<< [apiv2][body] GET https://serviceusage.googleapis.com/v1/projects/angulardemo-48db8/services/firestore.googleapis.com [omitted]
[debug] [2022-04-26T00:06:26.409Z] > refreshing access token with scopes: ["email","https://www.googleapis.com/auth/cloud-platform","https://www.googleapis.com/auth/cloudplatformprojects.readonly","https://www.googleapis.com/auth/firebase","openid"]
[debug] [2022-04-26T00:06:26.409Z] >>> HTTP REQUEST POST https://www.googleapis.com/oauth2/v3/token  
 <request body omitted>
[debug] [2022-04-26T00:06:26.728Z] <<< HTTP RESPONSE 200 {"cache-control":"no-cache, no-store, max-age=0, must-revalidate","expires":"Mon, 01 Jan 1990 00:00:00 GMT","pragma":"no-cache","date":"Tue, 26 Apr 2022 00:06:23 GMT","content-type":"application/json; charset=utf-8","vary":"X-Origin, Referer, Origin,Accept-Encoding","server":"scaffolding on HTTPServer2","x-xss-protection":"0","x-frame-options":"SAMEORIGIN","x-content-type-options":"nosniff","alt-svc":"h3=\":443\"; ma=2592000,h3-29=\":443\"; ma=2592000,h3-Q050=\":443\"; ma=2592000,h3-Q046=\":443\"; ma=2592000,h3-Q043=\":443\"; ma=2592000,quic=\":443\"; ma=2592000; v=\"46,43\"","accept-ranges":"none","transfer-encoding":"chunked"}
[debug] [2022-04-26T00:06:26.738Z] >>> HTTP REQUEST GET https://appengine.googleapis.com/v1/apps/angulardemo-48db8  
 
[debug] [2022-04-26T00:06:27.510Z] <<< HTTP RESPONSE 200 {"content-type":"application/json; charset=UTF-8","vary":"X-Origin, Referer, Origin,Accept-Encoding","date":"Tue, 26 Apr 2022 00:06:24 GMT","server":"ESF","cache-control":"private","x-xss-protection":"0","x-frame-options":"SAMEORIGIN","x-content-type-options":"nosniff","alt-svc":"h3=\":443\"; ma=2592000,h3-29=\":443\"; ma=2592000,h3-Q050=\":443\"; ma=2592000,h3-Q046=\":443\"; ma=2592000,h3-Q043=\":443\"; ma=2592000,quic=\":443\"; ma=2592000; v=\"46,43\"","accept-ranges":"none","transfer-encoding":"chunked"}
[debug] [2022-04-26T00:06:27.510Z] database_type: CLOUD_FIRESTORE
[debug] [2022-04-26T00:06:27.511Z] > command requires scopes: ["email","openid","https://www.googleapis.com/auth/cloudplatformprojects.readonly","https://www.googleapis.com/auth/firebase","https://www.googleapis.com/auth/cloud-platform"]
[debug] [2022-04-26T00:06:27.511Z] > authorizing via signed-in user (alvaroxd689@gmail.com)
[debug] [2022-04-26T00:06:27.512Z] [iam] checking project angulardemo-48db8 for permissions ["firebase.projects.get"]
[debug] [2022-04-26T00:06:27.512Z] > refreshing access token with scopes: []
[debug] [2022-04-26T00:06:27.512Z] >>> HTTP REQUEST POST https://www.googleapis.com/oauth2/v3/token  
 <request body omitted>
[debug] [2022-04-26T00:06:27.844Z] <<< HTTP RESPONSE 200 {"date":"Tue, 26 Apr 2022 00:06:24 GMT","expires":"Mon, 01 Jan 1990 00:00:00 GMT","cache-control":"no-cache, no-store, max-age=0, must-revalidate","pragma":"no-cache","content-type":"application/json; charset=utf-8","vary":"X-Origin, Referer, Origin,Accept-Encoding","server":"scaffolding on HTTPServer2","x-xss-protection":"0","x-frame-options":"SAMEORIGIN","x-content-type-options":"nosniff","alt-svc":"h3=\":443\"; ma=2592000,h3-29=\":443\"; ma=2592000,h3-Q050=\":443\"; ma=2592000,h3-Q046=\":443\"; ma=2592000,h3-Q043=\":443\"; ma=2592000,quic=\":443\"; ma=2592000; v=\"46,43\"","accept-ranges":"none","transfer-encoding":"chunked"}
[debug] [2022-04-26T00:06:27.852Z] >>> [apiv2][query] POST https://cloudresourcemanager.googleapis.com/v1/projects/angulardemo-48db8:testIamPermissions [none]
[debug] [2022-04-26T00:06:27.852Z] >>> [apiv2][body] POST https://cloudresourcemanager.googleapis.com/v1/projects/angulardemo-48db8:testIamPermissions {"permissions":["firebase.projects.get"]}
[debug] [2022-04-26T00:06:28.520Z] <<< [apiv2][status] POST https://cloudresourcemanager.googleapis.com/v1/projects/angulardemo-48db8:testIamPermissions 200
[debug] [2022-04-26T00:06:28.520Z] <<< [apiv2][body] POST https://cloudresourcemanager.googleapis.com/v1/projects/angulardemo-48db8:testIamPermissions {"permissions":["firebase.projects.get"]}
[info] 
[info] Firestore Security Rules allow you to define how and when to allow
[info] requests. You can keep these rules in your project directory
[info] and publish them with firebase deploy.
[info] 
[debug] [2022-04-26T00:06:36.912Z] >>> [apiv2][query] GET https://firebaserules.googleapis.com/v1/projects/angulardemo-48db8/releases pageSize=10&pageToken=
[debug] [2022-04-26T00:06:37.410Z] <<< [apiv2][status] GET https://firebaserules.googleapis.com/v1/projects/angulardemo-48db8/releases 200
[debug] [2022-04-26T00:06:37.410Z] <<< [apiv2][body] GET https://firebaserules.googleapis.com/v1/projects/angulardemo-48db8/releases {"releases":[{"name":"projects/angulardemo-48db8/releases/cloud.firestore","rulesetName":"projects/angulardemo-48db8/rulesets/1fa06a9c-e866-4eb5-ad83-4b3c7be0d8f7","createTime":"2021-12-19T23:24:30.585132Z","updateTime":"2022-04-22T23:40:07.575093Z"},{"name":"projects/angulardemo-48db8/releases/firebase.storage/angulardemo-48db8.appspot.com","rulesetName":"projects/angulardemo-48db8/rulesets/4b0fa4c0-ccf1-425c-a340-067ca546ade9","createTime":"2021-12-19T23:24:19.658628Z","updateTime":"2021-12-20T13:26:55.676525Z"}]}
[debug] [2022-04-26T00:06:37.410Z] Found ruleset: projects/angulardemo-48db8/rulesets/1fa06a9c-e866-4eb5-ad83-4b3c7be0d8f7
[debug] [2022-04-26T00:06:37.410Z] >>> [apiv2][query] GET https://firebaserules.googleapis.com/v1/projects/angulardemo-48db8/rulesets/1fa06a9c-e866-4eb5-ad83-4b3c7be0d8f7 [none]
[debug] [2022-04-26T00:06:37.816Z] <<< [apiv2][status] GET https://firebaserules.googleapis.com/v1/projects/angulardemo-48db8/rulesets/1fa06a9c-e866-4eb5-ad83-4b3c7be0d8f7 200
[debug] [2022-04-26T00:06:37.818Z] <<< [apiv2][body] GET https://firebaserules.googleapis.com/v1/projects/angulardemo-48db8/rulesets/1fa06a9c-e866-4eb5-ad83-4b3c7be0d8f7 [omitted]
[info] 
[info] Firestore indexes allow you to perform complex queries while
[info] maintaining performance that scales with the size of the result
[info] set. You can keep index definitions in your project directory
[info] and publish them with firebase deploy.
[info] 
[debug] [2022-04-26T00:06:59.513Z] > refreshing access token with scopes: ["email","https://www.googleapis.com/auth/cloud-platform","https://www.googleapis.com/auth/cloudplatformprojects.readonly","https://www.googleapis.com/auth/firebase","openid"]
[debug] [2022-04-26T00:06:59.513Z] >>> HTTP REQUEST POST https://www.googleapis.com/oauth2/v3/token  
 <request body omitted>
[debug] [2022-04-26T00:06:59.514Z] > refreshing access token with scopes: ["email","https://www.googleapis.com/auth/cloud-platform","https://www.googleapis.com/auth/cloudplatformprojects.readonly","https://www.googleapis.com/auth/firebase","openid"]
[debug] [2022-04-26T00:06:59.514Z] >>> HTTP REQUEST POST https://www.googleapis.com/oauth2/v3/token  
 <request body omitted>
[debug] [2022-04-26T00:06:59.824Z] <<< HTTP RESPONSE 200 {"date":"Tue, 26 Apr 2022 00:06:56 GMT","cache-control":"no-cache, no-store, max-age=0, must-revalidate","expires":"Mon, 01 Jan 1990 00:00:00 GMT","pragma":"no-cache","content-type":"application/json; charset=utf-8","vary":"X-Origin, Referer, Origin,Accept-Encoding","server":"scaffolding on HTTPServer2","x-xss-protection":"0","x-frame-options":"SAMEORIGIN","x-content-type-options":"nosniff","alt-svc":"h3=\":443\"; ma=2592000,h3-29=\":443\"; ma=2592000,h3-Q050=\":443\"; ma=2592000,h3-Q046=\":443\"; ma=2592000,h3-Q043=\":443\"; ma=2592000,quic=\":443\"; ma=2592000; v=\"46,43\"","accept-ranges":"none","transfer-encoding":"chunked"}
[debug] [2022-04-26T00:06:59.836Z] >>> HTTP REQUEST GET https://firestore.googleapis.com/v1/projects/angulardemo-48db8/databases/(default)/collectionGroups/-/indexes  
 
[debug] [2022-04-26T00:06:59.843Z] <<< HTTP RESPONSE 200 {"pragma":"no-cache","expires":"Mon, 01 Jan 1990 00:00:00 GMT","date":"Tue, 26 Apr 2022 00:06:56 GMT","cache-control":"no-cache, no-store, max-age=0, must-revalidate","content-type":"application/json; charset=utf-8","vary":"X-Origin, Referer, Origin,Accept-Encoding","server":"scaffolding on HTTPServer2","x-xss-protection":"0","x-frame-options":"SAMEORIGIN","x-content-type-options":"nosniff","alt-svc":"h3=\":443\"; ma=2592000,h3-29=\":443\"; ma=2592000,h3-Q050=\":443\"; ma=2592000,h3-Q046=\":443\"; ma=2592000,h3-Q043=\":443\"; ma=2592000,quic=\":443\"; ma=2592000; v=\"46,43\"","accept-ranges":"none","transfer-encoding":"chunked"}
[debug] [2022-04-26T00:06:59.855Z] >>> HTTP REQUEST GET https://firestore.googleapis.com/v1/projects/angulardemo-48db8/databases/(default)/collectionGroups/-/fields?filter=indexConfig.usesAncestorConfig=false  
 
[debug] [2022-04-26T00:07:00.694Z] <<< HTTP RESPONSE 200 {"content-type":"application/json; charset=UTF-8","vary":"X-Origin, Referer, Origin,Accept-Encoding","date":"Tue, 26 Apr 2022 00:06:57 GMT","server":"ESF","cache-control":"private","x-xss-protection":"0","x-frame-options":"SAMEORIGIN","x-content-type-options":"nosniff","alt-svc":"h3=\":443\"; ma=2592000,h3-29=\":443\"; ma=2592000,h3-Q050=\":443\"; ma=2592000,h3-Q046=\":443\"; ma=2592000,h3-Q043=\":443\"; ma=2592000,quic=\":443\"; ma=2592000; v=\"46,43\"","accept-ranges":"none","transfer-encoding":"chunked"}
[debug] [2022-04-26T00:07:00.700Z] <<< HTTP RESPONSE 200 {"content-type":"application/json; charset=UTF-8","vary":"X-Origin, Referer, Origin,Accept-Encoding","date":"Tue, 26 Apr 2022 00:06:57 GMT","server":"ESF","cache-control":"private","x-xss-protection":"0","x-frame-options":"SAMEORIGIN","x-content-type-options":"nosniff","alt-svc":"h3=\":443\"; ma=2592000,h3-29=\":443\"; ma=2592000,h3-Q050=\":443\"; ma=2592000,h3-Q046=\":443\"; ma=2592000,h3-Q043=\":443\"; ma=2592000,quic=\":443\"; ma=2592000; v=\"46,43\"","accept-ranges":"none","transfer-encoding":"chunked"}
[info] 
=== Hosting Setup
[info] 
[info] Your public directory is the folder (relative to your project directory) that
[info] will contain Hosting assets to be uploaded with firebase deploy. If you
[info] have a build process for your assets, use your build's output directory.
[info] 
[debug] [2022-04-26T00:07:26.759Z] >>> [apiv2][query] GET https://www.gstatic.com/firebasejs/releases.json [none]
[debug] [2022-04-26T00:07:27.046Z] <<< [apiv2][status] GET https://www.gstatic.com/firebasejs/releases.json 200
[debug] [2022-04-26T00:07:27.046Z] <<< [apiv2][body] GET https://www.gstatic.com/firebasejs/releases.json {"current":{"version":"9.6.11","browserURL":"https://www.gstatic.com/firebasejs/9.6.11/firebase.js","packageURL":"https://www.gstatic.com/firebasejs/9.6.11/firebase.tgz"},"live":{"version":"9.6","browserURL":"https://www.gstatic.com/firebasejs/live/9.6/firebase.js","packageURL":"https://www.gstatic.com/firebasejs/live/9.6/firebase.tgz"},"components":{"analytics":"https://www.gstatic.com/firebasejs/9.6.11/firebase-analytics.js","app":"https://www.gstatic.com/firebasejs/9.6.11/firebase-app.js","app-check":"https://www.gstatic.com/firebasejs/9.6.11/firebase-app-check.js","auth":"https://www.gstatic.com/firebasejs/9.6.11/firebase-auth.js","auth/cordova":"https://www.gstatic.com/firebasejs/9.6.11/firebase-auth/cordova.js","auth/react-native":"https://www.gstatic.com/firebasejs/9.6.11/firebase-auth/react-native.js","functions":"https://www.gstatic.com/firebasejs/9.6.11/firebase-functions.js","firestore":"https://www.gstatic.com/firebasejs/9.6.11/firebase-firestore.js","firestore/lite":"https://www.gstatic.com/firebasejs/9.6.11/firebase-firestore/lite.js","storage":"https://www.gstatic.com/firebasejs/9.6.11/firebase-storage.js","performance":"https://www.gstatic.com/firebasejs/9.6.11/firebase-performance.js","remote-config":"https://www.gstatic.com/firebasejs/9.6.11/firebase-remote-config.js","messaging":"https://www.gstatic.com/firebasejs/9.6.11/firebase-messaging.js","messaging/sw":"https://www.gstatic.com/firebasejs/9.6.11/firebase-messaging/sw.js","database":"https://www.gstatic.com/firebasejs/9.6.11/firebase-database.js","firestore.memory":"https://www.gstatic.com/firebasejs/9.6.11/firebase-firestore.memory.js"}}
[info] +  Wrote /dist/index.html 
[info] 
[info] i  Detected a .git folder at D:\proyectWebStorm\registro-inventario 
[info] i  Authorizing with GitHub to upload your service account to a GitHub repository's secrets store. 
[info] 
[info] Visit this URL on this device to log in:
[info] https://github.com/login/oauth/authorize?client_id=89cf50f02ac6aaed3484&state=672982801&redirect_uri=http%3A%2F%2Flocalhost%3A9005&scope=read%3Auser%20repo%20public_repo
[info] 
[info] Waiting for authentication...
[debug] [2022-04-26T00:07:48.404Z] >>> HTTP REQUEST POST https://github.com/login/oauth/access_token  
 {"client_id":"89cf50f02ac6aaed3484","client_secret":"3330d14abc895d9a74d5f17cd7a00711fa2c5bf0","code":"bd011db80441ab13ed94","redirect_uri":"http://localhost:9005","state":"672982801"}
[debug] [2022-04-26T00:07:48.829Z] <<< HTTP RESPONSE 200 {"server":"GitHub.com","date":"Tue, 26 Apr 2022 00:07:45 GMT","content-type":"application/json; charset=utf-8","transfer-encoding":"chunked","vary":"X-PJAX, X-PJAX-Container, Accept-Encoding, Accept, X-Requested-With","permissions-policy":"interest-cohort=()","etag":"W/\"4049cbd95afa6d019bd21f5badb2b10a\"","cache-control":"max-age=0, private, must-revalidate","strict-transport-security":"max-age=31536000; includeSubdomains; preload","x-frame-options":"deny","x-content-type-options":"nosniff","x-xss-protection":"0","referrer-policy":"origin-when-cross-origin, strict-origin-when-cross-origin","expect-ct":"max-age=2592000, report-uri=\"https://api.github.com/_private/browser/errors\"","content-security-policy":"default-src 'none'; base-uri 'self'; block-all-mixed-content; child-src github.com/assets-cdn/worker/ gist.github.com/assets-cdn/worker/; connect-src 'self' uploads.github.com objects-origin.githubusercontent.com www.githubstatus.com collector.github.com raw.githubusercontent.com api.github.com github-cloud.s3.amazonaws.com github-production-repository-file-5c1aeb.s3.amazonaws.com github-production-upload-manifest-file-7fdce7.s3.amazonaws.com github-production-user-asset-6210df.s3.amazonaws.com cdn.optimizely.com logx.optimizely.com/v1/events translator.github.com *.actions.githubusercontent.com wss://*.actions.githubusercontent.com online.visualstudio.com/api/v1/locations github-production-repository-image-32fea6.s3.amazonaws.com github-production-release-asset-2e65be.s3.amazonaws.com insights.github.com wss://alive.github.com; font-src github.githubassets.com; form-action 'self' github.com gist.github.com objects-origin.githubusercontent.com; frame-ancestors 'none'; frame-src render.githubusercontent.com viewscreen.githubusercontent.com notebooks.githubusercontent.com; img-src 'self' data: github.githubassets.com identicons.github.com github-cloud.s3.amazonaws.com secured-user-images.githubusercontent.com/ *.githubusercontent.com; manifest-src 'self'; media-src github.com user-images.githubusercontent.com/; script-src github.githubassets.com; style-src 'unsafe-inline' github.githubassets.com; worker-src github.com/assets-cdn/worker/ gist.github.com/assets-cdn/worker/","x-github-request-id":"0529:0E43:306FE6E:4A73B1E:626737D1"}
[debug] [2022-04-26T00:07:48.839Z] >>> [apiv2][query] GET https://api.github.com/user [none]
[debug] [2022-04-26T00:07:49.193Z] <<< [apiv2][status] GET https://api.github.com/user 200
[debug] [2022-04-26T00:07:49.194Z] <<< [apiv2][body] GET https://api.github.com/user {"login":"aamaldonado6","id":43979082,"node_id":"MDQ6VXNlcjQzOTc5MDgy","avatar_url":"https://avatars.githubusercontent.com/u/43979082?v=4","gravatar_id":"","url":"https://api.github.com/users/aamaldonado6","html_url":"https://github.com/aamaldonado6","followers_url":"https://api.github.com/users/aamaldonado6/followers","following_url":"https://api.github.com/users/aamaldonado6/following{/other_user}","gists_url":"https://api.github.com/users/aamaldonado6/gists{/gist_id}","starred_url":"https://api.github.com/users/aamaldonado6/starred{/owner}{/repo}","subscriptions_url":"https://api.github.com/users/aamaldonado6/subscriptions","organizations_url":"https://api.github.com/users/aamaldonado6/orgs","repos_url":"https://api.github.com/users/aamaldonado6/repos","events_url":"https://api.github.com/users/aamaldonado6/events{/privacy}","received_events_url":"https://api.github.com/users/aamaldonado6/received_events","type":"User","site_admin":false,"name":null,"company":null,"blog":"","location":null,"email":null,"hireable":null,"bio":null,"twitter_username":null,"public_repos":1,"public_gists":0,"followers":0,"following":0,"created_at":"2018-10-09T03:54:40Z","updated_at":"2022-04-19T04:11:42Z","private_gists":0,"total_private_repos":11,"owned_private_repos":11,"disk_usage":22000,"collaborators":0,"two_factor_authentication":false,"plan":{"name":"free","space":976562499,"collaborators":0,"private_repos":10000}}
[info] 
[info] +  Success! Logged into GitHub as aamaldonado6 
[info] 
[debug] [2022-04-26T00:08:09.935Z] >>> [apiv2][query] GET https://api.github.com/repos//actions/secrets/public-key type=owner
[debug] [2022-04-26T00:08:10.248Z] <<< [apiv2][status] GET https://api.github.com/repos//actions/secrets/public-key 404
[debug] [2022-04-26T00:08:10.248Z] <<< [apiv2][body] GET https://api.github.com/repos//actions/secrets/public-key {"message":"Not Found","documentation_url":"https://docs.github.com/rest"}
[debug] [2022-04-26T00:08:39.855Z] >>> [apiv2][query] GET https://api.github.com/repos/repository/actions/secrets/public-key type=owner
[debug] [2022-04-26T00:08:40.248Z] <<< [apiv2][status] GET https://api.github.com/repos/repository/actions/secrets/public-key 404
[debug] [2022-04-26T00:08:40.248Z] <<< [apiv2][body] GET https://api.github.com/repos/repository/actions/secrets/public-key {"message":"Not Found","documentation_url":"https://docs.github.com/rest"}
[debug] [2022-04-26T00:08:42.631Z] >>> [apiv2][query] GET https://api.github.com/repos/repository/actions/secrets/public-key type=owner
[debug] [2022-04-26T00:08:42.948Z] <<< [apiv2][status] GET https://api.github.com/repos/repository/actions/secrets/public-key 404
[debug] [2022-04-26T00:08:42.949Z] <<< [apiv2][body] GET https://api.github.com/repos/repository/actions/secrets/public-key {"message":"Not Found","documentation_url":"https://docs.github.com/rest"}
